Determining if the pthread_create exist failed with the following output:
Change Dir: /home/firefly/class/Experiment3/build/CMakeFiles/CMakeTmp

Run Build Command:"/usr/bin/make" "cmTC_6107c/fast"
/usr/bin/make -f CMakeFiles/cmTC_6107c.dir/build.make CMakeFiles/cmTC_6107c.dir/build
make[1]: Entering directory '/home/firefly/class/Experiment3/build/CMakeFiles/CMakeTmp'
Building C object CMakeFiles/cmTC_6107c.dir/CheckSymbolExists.c.o
/usr/bin/cc    -o CMakeFiles/cmTC_6107c.dir/CheckSymbolExists.c.o   -c /home/firefly/class/Experiment3/build/CMakeFiles/CMakeTmp/CheckSymbolExists.c
Linking C executable cmTC_6107c
/usr/bin/cmake -E cmake_link_script CMakeFiles/cmTC_6107c.dir/link.txt --verbose=1
/usr/bin/cc      -rdynamic CMakeFiles/cmTC_6107c.dir/CheckSymbolExists.c.o  -o cmTC_6107c 
CMakeFiles/cmTC_6107c.dir/CheckSymbolExists.c.o: In function `main':
CheckSymbolExists.c:(.text+0x14): undefined reference to `pthread_create'
CheckSymbolExists.c:(.text+0x18): undefined reference to `pthread_create'
collect2: error: ld returned 1 exit status
CMakeFiles/cmTC_6107c.dir/build.make:97: recipe for target 'cmTC_6107c' failed
make[1]: *** [cmTC_6107c] Error 1
make[1]: Leaving directory '/home/firefly/class/Experiment3/build/CMakeFiles/CMakeTmp'
Makefile:126: recipe for target 'cmTC_6107c/fast' failed
make: *** [cmTC_6107c/fast] Error 2

File /home/firefly/class/Experiment3/build/CMakeFiles/CMakeTmp/CheckSymbolExists.c:
/* */
#include <pthread.h>

int main(int argc, char** argv)
{
  (void)argv;
#ifndef pthread_create
  return ((int*)(&pthread_create))[argc];
#else
  (void)argc;
  return 0;
#endif
}

Determining if the function pthread_create exists in the pthreads failed with the following output:
Change Dir: /home/firefly/class/Experiment3/build/CMakeFiles/CMakeTmp

Run Build Command:"/usr/bin/make" "cmTC_ba258/fast"
/usr/bin/make -f CMakeFiles/cmTC_ba258.dir/build.make CMakeFiles/cmTC_ba258.dir/build
make[1]: Entering directory '/home/firefly/class/Experiment3/build/CMakeFiles/CMakeTmp'
Building C object CMakeFiles/cmTC_ba258.dir/CheckFunctionExists.c.o
/usr/bin/cc   -DCHECK_FUNCTION_EXISTS=pthread_create   -o CMakeFiles/cmTC_ba258.dir/CheckFunctionExists.c.o   -c /usr/share/cmake-3.10/Modules/CheckFunctionExists.c
Linking C executable cmTC_ba258
/usr/bin/cmake -E cmake_link_script CMakeFiles/cmTC_ba258.dir/link.txt --verbose=1
/usr/bin/cc  -DCHECK_FUNCTION_EXISTS=pthread_create    -rdynamic CMakeFiles/cmTC_ba258.dir/CheckFunctionExists.c.o  -o cmTC_ba258 -lpthreads 
/usr/bin/ld: cannot find -lpthreads
collect2: error: ld returned 1 exit status
CMakeFiles/cmTC_ba258.dir/build.make:97: recipe for target 'cmTC_ba258' failed
make[1]: *** [cmTC_ba258] Error 1
make[1]: Leaving directory '/home/firefly/class/Experiment3/build/CMakeFiles/CMakeTmp'
Makefile:126: recipe for target 'cmTC_ba258/fast' failed
make: *** [cmTC_ba258/fast] Error 2


